[ 50%] [32mBuilding CXX object CMakeFiles/bi_rrt_planner_node.dir/src/bi_rrt_planner_node.cpp.o[0m
[100%] [32m[1mLinking CXX executable bi_rrt_planner_node[0m
[100%] Built target bi_rrt_planner_node
-- Install configuration: ""
-- Execute custom install script
-- Up-to-date symlink: /home/tongjiarui/bi_rrt_ws/install/bi_rrt_planner/lib/bi_rrt_planner/bi_rrt_planner_node
-- Up-to-date symlink: /home/tongjiarui/bi_rrt_ws/install/bi_rrt_planner/share/ament_index/resource_index/package_run_dependencies/bi_rrt_planner
-- Up-to-date symlink: /home/tongjiarui/bi_rrt_ws/install/bi_rrt_planner/share/ament_index/resource_index/parent_prefix_path/bi_rrt_planner
-- Up-to-date symlink: /home/tongjiarui/bi_rrt_ws/install/bi_rrt_planner/share/bi_rrt_planner/environment/ament_prefix_path.sh
-- Up-to-date symlink: /home/tongjiarui/bi_rrt_ws/install/bi_rrt_planner/share/bi_rrt_planner/environment/ament_prefix_path.dsv
-- Up-to-date symlink: /home/tongjiarui/bi_rrt_ws/install/bi_rrt_planner/share/bi_rrt_planner/environment/path.sh
-- Up-to-date symlink: /home/tongjiarui/bi_rrt_ws/install/bi_rrt_planner/share/bi_rrt_planner/environment/path.dsv
-- Up-to-date symlink: /home/tongjiarui/bi_rrt_ws/install/bi_rrt_planner/share/bi_rrt_planner/local_setup.bash
-- Up-to-date symlink: /home/tongjiarui/bi_rrt_ws/install/bi_rrt_planner/share/bi_rrt_planner/local_setup.sh
-- Up-to-date symlink: /home/tongjiarui/bi_rrt_ws/install/bi_rrt_planner/share/bi_rrt_planner/local_setup.zsh
-- Up-to-date symlink: /home/tongjiarui/bi_rrt_ws/install/bi_rrt_planner/share/bi_rrt_planner/local_setup.dsv
-- Symlinking: /home/tongjiarui/bi_rrt_ws/install/bi_rrt_planner/share/bi_rrt_planner/package.dsv
-- Up-to-date symlink: /home/tongjiarui/bi_rrt_ws/install/bi_rrt_planner/share/ament_index/resource_index/packages/bi_rrt_planner
-- Up-to-date symlink: /home/tongjiarui/bi_rrt_ws/install/bi_rrt_planner/share/bi_rrt_planner/cmake/bi_rrt_plannerConfig.cmake
-- Up-to-date symlink: /home/tongjiarui/bi_rrt_ws/install/bi_rrt_planner/share/bi_rrt_planner/cmake/bi_rrt_plannerConfig-version.cmake
-- Up-to-date symlink: /home/tongjiarui/bi_rrt_ws/install/bi_rrt_planner/share/bi_rrt_planner/package.xml
