[0.027s] Invoking command in '/home/tongjiarui/bi_rrt_ws/build/bi_rrt_planner': CMAKE_PREFIX_PATH=${CMAKE_PREFIX_PATH}:/opt/ros/jazzy DEBUGINFOD_URLS=https://debuginfod.ubuntu.com /usr/bin/cmake --build /home/tongjiarui/bi_rrt_ws/build/bi_rrt_planner -- -j4 -l4
[0.079s] -- Found ament_cmake: 2.5.4 (/opt/ros/jazzy/share/ament_cmake/cmake)
[0.279s] -- Override CMake install command with custom implementation using symlinks instead of copying resources
[0.316s] -- Found rclcpp: 28.1.10 (/opt/ros/jazzy/share/rclcpp/cmake)
[0.381s] -- Found rosidl_generator_c: 4.6.5 (/opt/ros/jazzy/share/rosidl_generator_c/cmake)
[0.395s] -- Found rosidl_generator_cpp: 4.6.5 (/opt/ros/jazzy/share/rosidl_generator_cpp/cmake)
[0.422s] -- Using all available rosidl_typesupport_c: rosidl_typesupport_fastrtps_c;rosidl_typesupport_introspection_c
[0.445s] -- Using all available rosidl_typesupport_cpp: rosidl_typesupport_fastrtps_cpp;rosidl_typesupport_introspection_cpp
[0.546s] -- Found rmw_implementation_cmake: 7.3.2 (/opt/ros/jazzy/share/rmw_implementation_cmake/cmake)
[0.549s] -- Found rmw_fastrtps_cpp: 8.4.2 (/opt/ros/jazzy/share/rmw_fastrtps_cpp/cmake)
[0.650s] -- Using RMW implementation 'rmw_fastrtps_cpp' as default
[0.792s] -- Found geometry_msgs: 5.3.6 (/opt/ros/jazzy/share/geometry_msgs/cmake)
[0.849s] -- Found nav_msgs: 5.3.6 (/opt/ros/jazzy/share/nav_msgs/cmake)
[0.883s] -- Found visualization_msgs: 5.3.6 (/opt/ros/jazzy/share/visualization_msgs/cmake)
[1.031s] -- Configuring done (1.0s)
[1.058s] -- Generating done (0.0s)
[1.065s] -- Build files have been written to: /home/tongjiarui/bi_rrt_ws/build/bi_rrt_planner
[1.119s] [ 50%] [32mBuilding CXX object CMakeFiles/bi_rrt_planner_node.dir/src/bi_rrt_planner_node.cpp.o[0m
[1.551s] [01m[K/home/tongjiarui/bi_rrt_ws/src/bi_rrt_planner/src/bi_rrt_planner_node.cpp:2:10:[m[K [01;31m[Kfatal error: [m[Kompl/geometric/planners/rrt/RRTConnect.h: 没有那个文件或目录
[1.551s]     2 | #include [01;31m[K<ompl/geometric/planners/rrt/RRTConnect.h>[m[K
[1.551s]       |          [01;31m[K^~~~~~~~~~~~~~~~~~~~~~~~~~~~~~~~~~~~~~~~~~[m[K
[1.551s] compilation terminated.
[1.556s] gmake[2]: *** [CMakeFiles/bi_rrt_planner_node.dir/build.make:76：CMakeFiles/bi_rrt_planner_node.dir/src/bi_rrt_planner_node.cpp.o] 错误 1
[1.556s] gmake[1]: *** [CMakeFiles/Makefile2:137：CMakeFiles/bi_rrt_planner_node.dir/all] 错误 2
[1.556s] gmake: *** [Makefile:146：all] 错误 2
[1.561s] Invoked command in '/home/tongjiarui/bi_rrt_ws/build/bi_rrt_planner' returned '2': CMAKE_PREFIX_PATH=${CMAKE_PREFIX_PATH}:/opt/ros/jazzy DEBUGINFOD_URLS=https://debuginfod.ubuntu.com /usr/bin/cmake --build /home/tongjiarui/bi_rrt_ws/build/bi_rrt_planner -- -j4 -l4
