[0.063s] DEBUG:colcon:Command line arguments: ['/usr/bin/colcon', 'build', '--symlink-install']
[0.063s] DEBUG:colcon:Parsed command line arguments: Namespace(log_base=None, log_level=None, verb_name='build', build_base='build', install_base='install', merge_install=False, symlink_install=True, test_result_base=None, continue_on_error=False, executor='parallel', parallel_workers=4, event_handlers=None, ignore_user_meta=False, metas=['./colcon.meta'], base_paths=['.'], packages_ignore=None, packages_ignore_regex=None, paths=None, packages_up_to=None, packages_up_to_regex=None, packages_above=None, packages_above_and_dependencies=None, packages_above_depth=None, packages_select_by_dep=None, packages_skip_by_dep=None, packages_skip_up_to=None, packages_select_build_failed=False, packages_skip_build_finished=False, packages_select_test_failures=False, packages_skip_test_passed=False, packages_select=None, packages_skip=None, packages_select_regex=None, packages_skip_regex=None, packages_start=None, packages_end=None, allow_overriding=[], cmake_args=None, cmake_target=None, cmake_target_skip_unavailable=False, cmake_clean_cache=False, cmake_clean_first=False, cmake_force_configure=False, ament_cmake_args=None, catkin_cmake_args=None, catkin_skip_building_tests=False, mixin_files=None, mixin=None, verb_parser=<colcon_mixin.mixin.mixin_argument.MixinArgumentDecorator object at 0x70b17e18c8c0>, verb_extension=<colcon_core.verb.build.BuildVerb object at 0x70b17e2b1160>, main=<bound method BuildVerb.main of <colcon_core.verb.build.BuildVerb object at 0x70b17e2b1160>>, mixin_verb=('build',))
[0.086s] Level 1:colcon.colcon_core.package_discovery:discover_packages(colcon_meta) check parameters
[0.086s] Level 1:colcon.colcon_core.package_discovery:discover_packages(recursive) check parameters
[0.086s] Level 1:colcon.colcon_core.package_discovery:discover_packages(ignore) check parameters
[0.086s] Level 1:colcon.colcon_core.package_discovery:discover_packages(path) check parameters
[0.086s] Level 1:colcon.colcon_core.package_discovery:discover_packages(colcon_meta) discover
[0.086s] Level 1:colcon.colcon_core.package_discovery:discover_packages(recursive) discover
[0.086s] INFO:colcon.colcon_core.package_discovery:Crawling recursively for packages in '/home/tongjiarui/bi_rrt_ws'
[0.086s] Level 1:colcon.colcon_core.package_identification:_identify(.) by extensions ['ignore', 'ignore_ament_install']
[0.086s] Level 1:colcon.colcon_core.package_identification:_identify(.) by extension 'ignore'
[0.086s] Level 1:colcon.colcon_core.package_identification:_identify(.) by extension 'ignore_ament_install'
[0.086s] Level 1:colcon.colcon_core.package_identification:_identify(.) by extensions ['colcon_pkg']
[0.086s] Level 1:colcon.colcon_core.package_identification:_identify(.) by extension 'colcon_pkg'
[0.086s] Level 1:colcon.colcon_core.package_identification:_identify(.) by extensions ['colcon_meta']
[0.086s] Level 1:colcon.colcon_core.package_identification:_identify(.) by extension 'colcon_meta'
[0.086s] Level 1:colcon.colcon_core.package_identification:_identify(.) by extensions ['ros']
[0.086s] Level 1:colcon.colcon_core.package_identification:_identify(.) by extension 'ros'
[0.100s] Level 1:colcon.colcon_core.package_identification:_identify(.) by extensions ['cmake', 'python']
[0.100s] Level 1:colcon.colcon_core.package_identification:_identify(.) by extension 'cmake'
[0.100s] Level 1:colcon.colcon_core.package_identification:_identify(.) by extension 'python'
[0.100s] Level 1:colcon.colcon_core.package_identification:_identify(.) by extensions ['python_setup_py']
[0.100s] Level 1:colcon.colcon_core.package_identification:_identify(.) by extension 'python_setup_py'
[0.100s] Level 1:colcon.colcon_core.package_identification:_identify(build) by extensions ['ignore', 'ignore_ament_install']
[0.100s] Level 1:colcon.colcon_core.package_identification:_identify(build) by extension 'ignore'
[0.100s] Level 1:colcon.colcon_core.package_identification:_identify(build) ignored
[0.100s] Level 1:colcon.colcon_core.package_identification:_identify(install) by extensions ['ignore', 'ignore_ament_install']
[0.100s] Level 1:colcon.colcon_core.package_identification:_identify(install) by extension 'ignore'
[0.100s] Level 1:colcon.colcon_core.package_identification:_identify(install) ignored
[0.100s] Level 1:colcon.colcon_core.package_identification:_identify(log) by extensions ['ignore', 'ignore_ament_install']
[0.100s] Level 1:colcon.colcon_core.package_identification:_identify(log) by extension 'ignore'
[0.100s] Level 1:colcon.colcon_core.package_identification:_identify(log) ignored
[0.100s] Level 1:colcon.colcon_core.package_identification:_identify(src) by extensions ['ignore', 'ignore_ament_install']
[0.100s] Level 1:colcon.colcon_core.package_identification:_identify(src) by extension 'ignore'
[0.100s] Level 1:colcon.colcon_core.package_identification:_identify(src) by extension 'ignore_ament_install'
[0.100s] Level 1:colcon.colcon_core.package_identification:_identify(src) by extensions ['colcon_pkg']
[0.100s] Level 1:colcon.colcon_core.package_identification:_identify(src) by extension 'colcon_pkg'
[0.100s] Level 1:colcon.colcon_core.package_identification:_identify(src) by extensions ['colcon_meta']
[0.100s] Level 1:colcon.colcon_core.package_identification:_identify(src) by extension 'colcon_meta'
[0.100s] Level 1:colcon.colcon_core.package_identification:_identify(src) by extensions ['ros']
[0.100s] Level 1:colcon.colcon_core.package_identification:_identify(src) by extension 'ros'
[0.100s] Level 1:colcon.colcon_core.package_identification:_identify(src) by extensions ['cmake', 'python']
[0.100s] Level 1:colcon.colcon_core.package_identification:_identify(src) by extension 'cmake'
[0.100s] Level 1:colcon.colcon_core.package_identification:_identify(src) by extension 'python'
[0.100s] Level 1:colcon.colcon_core.package_identification:_identify(src) by extensions ['python_setup_py']
[0.100s] Level 1:colcon.colcon_core.package_identification:_identify(src) by extension 'python_setup_py'
[0.100s] Level 1:colcon.colcon_core.package_identification:_identify(src/bi_rrt_planner) by extensions ['ignore', 'ignore_ament_install']
[0.100s] Level 1:colcon.colcon_core.package_identification:_identify(src/bi_rrt_planner) by extension 'ignore'
[0.100s] Level 1:colcon.colcon_core.package_identification:_identify(src/bi_rrt_planner) by extension 'ignore_ament_install'
[0.100s] Level 1:colcon.colcon_core.package_identification:_identify(src/bi_rrt_planner) by extensions ['colcon_pkg']
[0.101s] Level 1:colcon.colcon_core.package_identification:_identify(src/bi_rrt_planner) by extension 'colcon_pkg'
[0.101s] Level 1:colcon.colcon_core.package_identification:_identify(src/bi_rrt_planner) by extensions ['colcon_meta']
[0.101s] Level 1:colcon.colcon_core.package_identification:_identify(src/bi_rrt_planner) by extension 'colcon_meta'
[0.101s] Level 1:colcon.colcon_core.package_identification:_identify(src/bi_rrt_planner) by extensions ['ros']
[0.101s] Level 1:colcon.colcon_core.package_identification:_identify(src/bi_rrt_planner) by extension 'ros'
[0.102s] DEBUG:colcon.colcon_core.package_identification:Package 'src/bi_rrt_planner' with type 'ros.ament_cmake' and name 'bi_rrt_planner'
[0.102s] Level 1:colcon.colcon_core.package_discovery:discover_packages(recursive) using defaults
[0.102s] Level 1:colcon.colcon_core.package_discovery:discover_packages(ignore) discover
[0.102s] Level 1:colcon.colcon_core.package_discovery:discover_packages(ignore) using defaults
[0.102s] Level 1:colcon.colcon_core.package_discovery:discover_packages(path) discover
[0.102s] Level 1:colcon.colcon_core.package_discovery:discover_packages(path) using defaults
[0.111s] Level 1:colcon.colcon_core.package_discovery:discover_packages(prefix_path) check parameters
[0.111s] Level 1:colcon.colcon_core.package_discovery:discover_packages(prefix_path) discover
[0.112s] DEBUG:colcon.colcon_installed_package_information.package_discovery:Found 395 installed packages in /opt/ros/jazzy
[0.113s] Level 1:colcon.colcon_core.package_discovery:discover_packages(prefix_path) using defaults
[0.138s] Level 5:colcon.colcon_core.verb:set package 'bi_rrt_planner' build argument 'cmake_args' from command line to 'None'
[0.138s] Level 5:colcon.colcon_core.verb:set package 'bi_rrt_planner' build argument 'cmake_target' from command line to 'None'
[0.138s] Level 5:colcon.colcon_core.verb:set package 'bi_rrt_planner' build argument 'cmake_target_skip_unavailable' from command line to 'False'
[0.138s] Level 5:colcon.colcon_core.verb:set package 'bi_rrt_planner' build argument 'cmake_clean_cache' from command line to 'False'
[0.138s] Level 5:colcon.colcon_core.verb:set package 'bi_rrt_planner' build argument 'cmake_clean_first' from command line to 'False'
[0.139s] Level 5:colcon.colcon_core.verb:set package 'bi_rrt_planner' build argument 'cmake_force_configure' from command line to 'False'
[0.139s] Level 5:colcon.colcon_core.verb:set package 'bi_rrt_planner' build argument 'ament_cmake_args' from command line to 'None'
[0.139s] Level 5:colcon.colcon_core.verb:set package 'bi_rrt_planner' build argument 'catkin_cmake_args' from command line to 'None'
[0.139s] Level 5:colcon.colcon_core.verb:set package 'bi_rrt_planner' build argument 'catkin_skip_building_tests' from command line to 'False'
[0.139s] DEBUG:colcon.colcon_core.verb:Building package 'bi_rrt_planner' with the following arguments: {'ament_cmake_args': None, 'build_base': '/home/tongjiarui/bi_rrt_ws/build/bi_rrt_planner', 'catkin_cmake_args': None, 'catkin_skip_building_tests': False, 'cmake_args': None, 'cmake_clean_cache': False, 'cmake_clean_first': False, 'cmake_force_configure': False, 'cmake_target': None, 'cmake_target_skip_unavailable': False, 'install_base': '/home/tongjiarui/bi_rrt_ws/install/bi_rrt_planner', 'merge_install': False, 'path': '/home/tongjiarui/bi_rrt_ws/src/bi_rrt_planner', 'symlink_install': True, 'test_result_base': None}
[0.139s] INFO:colcon.colcon_core.executor:Executing jobs using 'parallel' executor
[0.140s] DEBUG:colcon.colcon_parallel_executor.executor.parallel:run_until_complete
[0.140s] INFO:colcon.colcon_ros.task.ament_cmake.build:Building ROS package in '/home/tongjiarui/bi_rrt_ws/src/bi_rrt_planner' with build type 'ament_cmake'
[0.140s] INFO:colcon.colcon_cmake.task.cmake.build:Building CMake package in '/home/tongjiarui/bi_rrt_ws/src/bi_rrt_planner'
[0.141s] INFO:colcon.colcon_core.plugin_system:Skipping extension 'colcon_core.shell.bat': Not used on non-Windows systems
[0.141s] INFO:colcon.colcon_core.shell:Skip shell extension 'powershell' for command environment: Not usable outside of PowerShell
[0.141s] DEBUG:colcon.colcon_core.shell:Skip shell extension 'dsv' for command environment
[0.156s] DEBUG:colcon.colcon_core.event_handler.log_command:Invoking command in '/home/tongjiarui/bi_rrt_ws/build/bi_rrt_planner': CMAKE_PREFIX_PATH=${CMAKE_PREFIX_PATH}:/opt/ros/jazzy DEBUGINFOD_URLS=https://debuginfod.ubuntu.com /usr/bin/cmake /home/tongjiarui/bi_rrt_ws/src/bi_rrt_planner -DAMENT_CMAKE_SYMLINK_INSTALL=1 -DCMAKE_INSTALL_PREFIX=/home/tongjiarui/bi_rrt_ws/install/bi_rrt_planner
[1.213s] DEBUG:colcon.colcon_core.event_handler.log_command:Invoked command in '/home/tongjiarui/bi_rrt_ws/build/bi_rrt_planner' returned '0': CMAKE_PREFIX_PATH=${CMAKE_PREFIX_PATH}:/opt/ros/jazzy DEBUGINFOD_URLS=https://debuginfod.ubuntu.com /usr/bin/cmake /home/tongjiarui/bi_rrt_ws/src/bi_rrt_planner -DAMENT_CMAKE_SYMLINK_INSTALL=1 -DCMAKE_INSTALL_PREFIX=/home/tongjiarui/bi_rrt_ws/install/bi_rrt_planner
[1.213s] DEBUG:colcon.colcon_core.event_handler.log_command:Invoking command in '/home/tongjiarui/bi_rrt_ws/build/bi_rrt_planner': CMAKE_PREFIX_PATH=${CMAKE_PREFIX_PATH}:/opt/ros/jazzy DEBUGINFOD_URLS=https://debuginfod.ubuntu.com /usr/bin/cmake --build /home/tongjiarui/bi_rrt_ws/build/bi_rrt_planner -- -j4 -l4
[7.605s] DEBUG:colcon.colcon_core.event_handler.log_command:Invoked command in '/home/tongjiarui/bi_rrt_ws/build/bi_rrt_planner' returned '0': CMAKE_PREFIX_PATH=${CMAKE_PREFIX_PATH}:/opt/ros/jazzy DEBUGINFOD_URLS=https://debuginfod.ubuntu.com /usr/bin/cmake --build /home/tongjiarui/bi_rrt_ws/build/bi_rrt_planner -- -j4 -l4
[7.617s] DEBUG:colcon.colcon_core.event_handler.log_command:Invoking command in '/home/tongjiarui/bi_rrt_ws/build/bi_rrt_planner': CMAKE_PREFIX_PATH=${CMAKE_PREFIX_PATH}:/opt/ros/jazzy DEBUGINFOD_URLS=https://debuginfod.ubuntu.com /usr/bin/cmake --install /home/tongjiarui/bi_rrt_ws/build/bi_rrt_planner
[7.774s] Level 1:colcon.colcon_core.environment:create_environment_scripts_only(bi_rrt_planner)
[7.775s] DEBUG:colcon.colcon_core.event_handler.log_command:Invoked command in '/home/tongjiarui/bi_rrt_ws/build/bi_rrt_planner' returned '0': CMAKE_PREFIX_PATH=${CMAKE_PREFIX_PATH}:/opt/ros/jazzy DEBUGINFOD_URLS=https://debuginfod.ubuntu.com /usr/bin/cmake --install /home/tongjiarui/bi_rrt_ws/build/bi_rrt_planner
[7.776s] Level 1:colcon.colcon_core.environment:checking '/home/tongjiarui/bi_rrt_ws/install/bi_rrt_planner' for CMake module files
[7.777s] Level 1:colcon.colcon_core.environment:checking '/home/tongjiarui/bi_rrt_ws/install/bi_rrt_planner' for CMake config files
[7.777s] Level 1:colcon.colcon_core.shell:create_environment_hook('bi_rrt_planner', 'cmake_prefix_path')
[7.777s] INFO:colcon.colcon_core.shell:Creating environment hook '/home/tongjiarui/bi_rrt_ws/install/bi_rrt_planner/share/bi_rrt_planner/hook/cmake_prefix_path.ps1'
[7.780s] INFO:colcon.colcon_core.shell:Creating environment descriptor '/home/tongjiarui/bi_rrt_ws/install/bi_rrt_planner/share/bi_rrt_planner/hook/cmake_prefix_path.dsv'
[7.781s] INFO:colcon.colcon_core.shell:Creating environment hook '/home/tongjiarui/bi_rrt_ws/install/bi_rrt_planner/share/bi_rrt_planner/hook/cmake_prefix_path.sh'
[7.782s] Level 1:colcon.colcon_core.environment:checking '/home/tongjiarui/bi_rrt_ws/install/bi_rrt_planner/lib'
[7.782s] Level 1:colcon.colcon_core.environment:checking '/home/tongjiarui/bi_rrt_ws/install/bi_rrt_planner/bin'
[7.782s] Level 1:colcon.colcon_core.environment:checking '/home/tongjiarui/bi_rrt_ws/install/bi_rrt_planner/lib/pkgconfig/bi_rrt_planner.pc'
[7.782s] Level 1:colcon.colcon_core.environment:checking '/home/tongjiarui/bi_rrt_ws/install/bi_rrt_planner/lib/python3.12/site-packages'
[7.782s] Level 1:colcon.colcon_core.environment:checking '/home/tongjiarui/bi_rrt_ws/install/bi_rrt_planner/bin'
[7.783s] INFO:colcon.colcon_core.shell:Creating package script '/home/tongjiarui/bi_rrt_ws/install/bi_rrt_planner/share/bi_rrt_planner/package.ps1'
[7.783s] INFO:colcon.colcon_core.shell:Creating package descriptor '/home/tongjiarui/bi_rrt_ws/install/bi_rrt_planner/share/bi_rrt_planner/package.dsv'
[7.784s] INFO:colcon.colcon_core.shell:Creating package script '/home/tongjiarui/bi_rrt_ws/install/bi_rrt_planner/share/bi_rrt_planner/package.sh'
[7.784s] INFO:colcon.colcon_core.shell:Creating package script '/home/tongjiarui/bi_rrt_ws/install/bi_rrt_planner/share/bi_rrt_planner/package.bash'
[7.785s] INFO:colcon.colcon_core.shell:Creating package script '/home/tongjiarui/bi_rrt_ws/install/bi_rrt_planner/share/bi_rrt_planner/package.zsh'
[7.785s] Level 1:colcon.colcon_core.environment:create_file_with_runtime_dependencies(/home/tongjiarui/bi_rrt_ws/install/bi_rrt_planner/share/colcon-core/packages/bi_rrt_planner)
[7.786s] Level 1:colcon.colcon_core.environment:create_environment_scripts_only(bi_rrt_planner)
[7.786s] Level 1:colcon.colcon_core.environment:checking '/home/tongjiarui/bi_rrt_ws/install/bi_rrt_planner' for CMake module files
[7.786s] Level 1:colcon.colcon_core.environment:checking '/home/tongjiarui/bi_rrt_ws/install/bi_rrt_planner' for CMake config files
[7.786s] Level 1:colcon.colcon_core.shell:create_environment_hook('bi_rrt_planner', 'cmake_prefix_path')
[7.786s] INFO:colcon.colcon_core.shell:Creating environment hook '/home/tongjiarui/bi_rrt_ws/install/bi_rrt_planner/share/bi_rrt_planner/hook/cmake_prefix_path.ps1'
[7.787s] INFO:colcon.colcon_core.shell:Creating environment descriptor '/home/tongjiarui/bi_rrt_ws/install/bi_rrt_planner/share/bi_rrt_planner/hook/cmake_prefix_path.dsv'
[7.787s] INFO:colcon.colcon_core.shell:Creating environment hook '/home/tongjiarui/bi_rrt_ws/install/bi_rrt_planner/share/bi_rrt_planner/hook/cmake_prefix_path.sh'
[7.788s] Level 1:colcon.colcon_core.environment:checking '/home/tongjiarui/bi_rrt_ws/install/bi_rrt_planner/lib'
[7.788s] Level 1:colcon.colcon_core.environment:checking '/home/tongjiarui/bi_rrt_ws/install/bi_rrt_planner/bin'
[7.788s] Level 1:colcon.colcon_core.environment:checking '/home/tongjiarui/bi_rrt_ws/install/bi_rrt_planner/lib/pkgconfig/bi_rrt_planner.pc'
[7.788s] Level 1:colcon.colcon_core.environment:checking '/home/tongjiarui/bi_rrt_ws/install/bi_rrt_planner/lib/python3.12/site-packages'
[7.788s] Level 1:colcon.colcon_core.environment:checking '/home/tongjiarui/bi_rrt_ws/install/bi_rrt_planner/bin'
[7.788s] INFO:colcon.colcon_core.shell:Creating package script '/home/tongjiarui/bi_rrt_ws/install/bi_rrt_planner/share/bi_rrt_planner/package.ps1'
[7.789s] INFO:colcon.colcon_core.shell:Creating package descriptor '/home/tongjiarui/bi_rrt_ws/install/bi_rrt_planner/share/bi_rrt_planner/package.dsv'
[7.789s] INFO:colcon.colcon_core.shell:Creating package script '/home/tongjiarui/bi_rrt_ws/install/bi_rrt_planner/share/bi_rrt_planner/package.sh'
[7.790s] INFO:colcon.colcon_core.shell:Creating package script '/home/tongjiarui/bi_rrt_ws/install/bi_rrt_planner/share/bi_rrt_planner/package.bash'
[7.790s] INFO:colcon.colcon_core.shell:Creating package script '/home/tongjiarui/bi_rrt_ws/install/bi_rrt_planner/share/bi_rrt_planner/package.zsh'
[7.790s] Level 1:colcon.colcon_core.environment:create_file_with_runtime_dependencies(/home/tongjiarui/bi_rrt_ws/install/bi_rrt_planner/share/colcon-core/packages/bi_rrt_planner)
[7.791s] DEBUG:colcon.colcon_parallel_executor.executor.parallel:closing loop
[7.791s] DEBUG:colcon.colcon_parallel_executor.executor.parallel:loop closed
[7.791s] DEBUG:colcon.colcon_parallel_executor.executor.parallel:run_until_complete finished with '0'
[7.791s] DEBUG:colcon.colcon_core.event_reactor:joining thread
[7.796s] INFO:colcon.colcon_core.plugin_system:Skipping extension 'colcon_notification.desktop_notification.terminal_notifier': Not used on non-Darwin systems
[7.796s] INFO:colcon.colcon_core.plugin_system:Skipping extension 'colcon_notification.desktop_notification.win32': Not used on non-Windows systems
[7.796s] INFO:colcon.colcon_notification.desktop_notification:Sending desktop notification using 'notify2'
[7.819s] DEBUG:colcon.colcon_core.event_reactor:joined thread
[7.820s] INFO:colcon.colcon_core.shell:Creating prefix script '/home/tongjiarui/bi_rrt_ws/install/local_setup.ps1'
[7.820s] INFO:colcon.colcon_core.shell:Creating prefix util module '/home/tongjiarui/bi_rrt_ws/install/_local_setup_util_ps1.py'
[7.821s] INFO:colcon.colcon_core.shell:Creating prefix chain script '/home/tongjiarui/bi_rrt_ws/install/setup.ps1'
[7.821s] INFO:colcon.colcon_core.shell:Creating prefix script '/home/tongjiarui/bi_rrt_ws/install/local_setup.sh'
[7.821s] INFO:colcon.colcon_core.shell:Creating prefix util module '/home/tongjiarui/bi_rrt_ws/install/_local_setup_util_sh.py'
[7.822s] INFO:colcon.colcon_core.shell:Creating prefix chain script '/home/tongjiarui/bi_rrt_ws/install/setup.sh'
[7.822s] INFO:colcon.colcon_core.shell:Creating prefix script '/home/tongjiarui/bi_rrt_ws/install/local_setup.bash'
[7.823s] INFO:colcon.colcon_core.shell:Creating prefix chain script '/home/tongjiarui/bi_rrt_ws/install/setup.bash'
[7.824s] INFO:colcon.colcon_core.shell:Creating prefix script '/home/tongjiarui/bi_rrt_ws/install/local_setup.zsh'
[7.824s] INFO:colcon.colcon_core.shell:Creating prefix chain script '/home/tongjiarui/bi_rrt_ws/install/setup.zsh'
