[0.025s] Invoking command in '/home/tongjiarui/bi_rrt_ws/build/bi_rrt_planner': CMAKE_PREFIX_PATH=${CMAKE_PREFIX_PATH}:/opt/ros/jazzy DEBUGINFOD_URLS=https://debuginfod.ubuntu.com /usr/bin/cmake --build /home/tongjiarui/bi_rrt_ws/build/bi_rrt_planner -- -j4 -l4
[0.077s] -- Found ament_cmake: 2.5.4 (/opt/ros/jazzy/share/ament_cmake/cmake)
[0.274s] -- Override CMake install command with custom implementation using symlinks instead of copying resources
[0.317s] -- Found rclcpp: 28.1.10 (/opt/ros/jazzy/share/rclcpp/cmake)
[0.373s] -- Found rosidl_generator_c: 4.6.5 (/opt/ros/jazzy/share/rosidl_generator_c/cmake)
[0.386s] -- Found rosidl_generator_cpp: 4.6.5 (/opt/ros/jazzy/share/rosidl_generator_cpp/cmake)
[0.414s] -- Using all available rosidl_typesupport_c: rosidl_typesupport_fastrtps_c;rosidl_typesupport_introspection_c
[0.436s] -- Using all available rosidl_typesupport_cpp: rosidl_typesupport_fastrtps_cpp;rosidl_typesupport_introspection_cpp
[0.532s] -- Found rmw_implementation_cmake: 7.3.2 (/opt/ros/jazzy/share/rmw_implementation_cmake/cmake)
[0.535s] -- Found rmw_fastrtps_cpp: 8.4.2 (/opt/ros/jazzy/share/rmw_fastrtps_cpp/cmake)
[0.610s] -- Using RMW implementation 'rmw_fastrtps_cpp' as default
[0.751s] -- Found geometry_msgs: 5.3.6 (/opt/ros/jazzy/share/geometry_msgs/cmake)
[0.813s] -- Found nav_msgs: 5.3.6 (/opt/ros/jazzy/share/nav_msgs/cmake)
[0.938s] -- Configuring done (0.9s)
[0.972s] -- Generating done (0.0s)
[0.976s] -- Build files have been written to: /home/tongjiarui/bi_rrt_ws/build/bi_rrt_planner
[1.041s] [ 50%] [32mBuilding CXX object CMakeFiles/bi_rrt_planner_node.dir/src/bi_rrt_planner_node.cpp.o[0m
[7.809s] [100%] [32m[1mLinking CXX executable bi_rrt_planner_node[0m
[8.202s] [100%] Built target bi_rrt_planner_node
[8.215s] Invoked command in '/home/tongjiarui/bi_rrt_ws/build/bi_rrt_planner' returned '0': CMAKE_PREFIX_PATH=${CMAKE_PREFIX_PATH}:/opt/ros/jazzy DEBUGINFOD_URLS=https://debuginfod.ubuntu.com /usr/bin/cmake --build /home/tongjiarui/bi_rrt_ws/build/bi_rrt_planner -- -j4 -l4
[8.224s] Invoking command in '/home/tongjiarui/bi_rrt_ws/build/bi_rrt_planner': CMAKE_PREFIX_PATH=${CMAKE_PREFIX_PATH}:/opt/ros/jazzy DEBUGINFOD_URLS=https://debuginfod.ubuntu.com /usr/bin/cmake --install /home/tongjiarui/bi_rrt_ws/build/bi_rrt_planner
[8.233s] -- Install configuration: ""
[8.233s] -- Execute custom install script
[8.235s] -- Up-to-date symlink: /home/tongjiarui/bi_rrt_ws/install/bi_rrt_planner/lib/bi_rrt_planner/bi_rrt_planner_node
[8.237s] -- Up-to-date symlink: /home/tongjiarui/bi_rrt_ws/install/bi_rrt_planner/share/ament_index/resource_index/package_run_dependencies/bi_rrt_planner
[8.238s] -- Up-to-date symlink: /home/tongjiarui/bi_rrt_ws/install/bi_rrt_planner/share/ament_index/resource_index/parent_prefix_path/bi_rrt_planner
[8.238s] -- Up-to-date symlink: /home/tongjiarui/bi_rrt_ws/install/bi_rrt_planner/share/bi_rrt_planner/environment/ament_prefix_path.sh
[8.239s] -- Up-to-date symlink: /home/tongjiarui/bi_rrt_ws/install/bi_rrt_planner/share/bi_rrt_planner/environment/ament_prefix_path.dsv
[8.240s] -- Up-to-date symlink: /home/tongjiarui/bi_rrt_ws/install/bi_rrt_planner/share/bi_rrt_planner/environment/path.sh
[8.241s] -- Up-to-date symlink: /home/tongjiarui/bi_rrt_ws/install/bi_rrt_planner/share/bi_rrt_planner/environment/path.dsv
[8.241s] -- Up-to-date symlink: /home/tongjiarui/bi_rrt_ws/install/bi_rrt_planner/share/bi_rrt_planner/local_setup.bash
[8.242s] -- Up-to-date symlink: /home/tongjiarui/bi_rrt_ws/install/bi_rrt_planner/share/bi_rrt_planner/local_setup.sh
[8.242s] -- Up-to-date symlink: /home/tongjiarui/bi_rrt_ws/install/bi_rrt_planner/share/bi_rrt_planner/local_setup.zsh
[8.242s] -- Up-to-date symlink: /home/tongjiarui/bi_rrt_ws/install/bi_rrt_planner/share/bi_rrt_planner/local_setup.dsv
[8.242s] -- Symlinking: /home/tongjiarui/bi_rrt_ws/install/bi_rrt_planner/share/bi_rrt_planner/package.dsv
[8.253s] -- Up-to-date symlink: /home/tongjiarui/bi_rrt_ws/install/bi_rrt_planner/share/ament_index/resource_index/packages/bi_rrt_planner
[8.254s] -- Up-to-date symlink: /home/tongjiarui/bi_rrt_ws/install/bi_rrt_planner/share/bi_rrt_planner/cmake/bi_rrt_plannerConfig.cmake
[8.254s] -- Up-to-date symlink: /home/tongjiarui/bi_rrt_ws/install/bi_rrt_planner/share/bi_rrt_planner/cmake/bi_rrt_plannerConfig-version.cmake
[8.254s] -- Up-to-date symlink: /home/tongjiarui/bi_rrt_ws/install/bi_rrt_planner/share/bi_rrt_planner/package.xml
[8.256s] Invoked command in '/home/tongjiarui/bi_rrt_ws/build/bi_rrt_planner' returned '0': CMAKE_PREFIX_PATH=${CMAKE_PREFIX_PATH}:/opt/ros/jazzy DEBUGINFOD_URLS=https://debuginfod.ubuntu.com /usr/bin/cmake --install /home/tongjiarui/bi_rrt_ws/build/bi_rrt_planner
