-- Found ament_cmake: 2.5.4 (/opt/ros/jazzy/share/ament_cmake/cmake)
-- Override CMake install command with custom implementation using symlinks instead of copying resources
-- Found rclcpp: 28.1.10 (/opt/ros/jazzy/share/rclcpp/cmake)
-- Found rosidl_generator_c: 4.6.5 (/opt/ros/jazzy/share/rosidl_generator_c/cmake)
-- Found rosidl_generator_cpp: 4.6.5 (/opt/ros/jazzy/share/rosidl_generator_cpp/cmake)
-- Using all available rosidl_typesupport_c: rosidl_typesupport_fastrtps_c;rosidl_typesupport_introspection_c
-- Using all available rosidl_typesupport_cpp: rosidl_typesupport_fastrtps_cpp;rosidl_typesupport_introspection_cpp
-- Found rmw_implementation_cmake: 7.3.2 (/opt/ros/jazzy/share/rmw_implementation_cmake/cmake)
-- Found rmw_fastrtps_cpp: 8.4.2 (/opt/ros/jazzy/share/rmw_fastrtps_cpp/cmake)
-- Using RMW implementation 'rmw_fastrtps_cpp' as default
-- Found geometry_msgs: 5.3.6 (/opt/ros/jazzy/share/geometry_msgs/cmake)
-- Found nav_msgs: 5.3.6 (/opt/ros/jazzy/share/nav_msgs/cmake)
-- Found visualization_msgs: 5.3.6 (/opt/ros/jazzy/share/visualization_msgs/cmake)
-- Configuring done (0.5s)
-- Generating done (0.0s)
-- Build files have been written to: /home/tongjiarui/bi_rrt_ws/build/bi_rrt_planner
[ 50%] [32mBuilding CXX object CMakeFiles/bi_rrt_planner_node.dir/src/bi_rrt_planner_node.cpp.o[0m
[100%] [32m[1mLinking CXX executable bi_rrt_planner_node[0m
[100%] Built target bi_rrt_planner_node
-- Install configuration: ""
-- Execute custom install script
-- Up-to-date symlink: /home/tongjiarui/bi_rrt_ws/install/bi_rrt_planner/lib/bi_rrt_planner/bi_rrt_planner_node
-- Up-to-date symlink: /home/tongjiarui/bi_rrt_ws/install/bi_rrt_planner/share/ament_index/resource_index/package_run_dependencies/bi_rrt_planner
-- Up-to-date symlink: /home/tongjiarui/bi_rrt_ws/install/bi_rrt_planner/share/ament_index/resource_index/parent_prefix_path/bi_rrt_planner
-- Up-to-date symlink: /home/tongjiarui/bi_rrt_ws/install/bi_rrt_planner/share/bi_rrt_planner/environment/ament_prefix_path.sh
-- Up-to-date symlink: /home/tongjiarui/bi_rrt_ws/install/bi_rrt_planner/share/bi_rrt_planner/environment/ament_prefix_path.dsv
-- Up-to-date symlink: /home/tongjiarui/bi_rrt_ws/install/bi_rrt_planner/share/bi_rrt_planner/environment/path.sh
-- Up-to-date symlink: /home/tongjiarui/bi_rrt_ws/install/bi_rrt_planner/share/bi_rrt_planner/environment/path.dsv
-- Up-to-date symlink: /home/tongjiarui/bi_rrt_ws/install/bi_rrt_planner/share/bi_rrt_planner/local_setup.bash
-- Up-to-date symlink: /home/tongjiarui/bi_rrt_ws/install/bi_rrt_planner/share/bi_rrt_planner/local_setup.sh
-- Up-to-date symlink: /home/tongjiarui/bi_rrt_ws/install/bi_rrt_planner/share/bi_rrt_planner/local_setup.zsh
-- Up-to-date symlink: /home/tongjiarui/bi_rrt_ws/install/bi_rrt_planner/share/bi_rrt_planner/local_setup.dsv
-- Symlinking: /home/tongjiarui/bi_rrt_ws/install/bi_rrt_planner/share/bi_rrt_planner/package.dsv
-- Up-to-date symlink: /home/tongjiarui/bi_rrt_ws/install/bi_rrt_planner/share/ament_index/resource_index/packages/bi_rrt_planner
-- Up-to-date symlink: /home/tongjiarui/bi_rrt_ws/install/bi_rrt_planner/share/bi_rrt_planner/cmake/bi_rrt_plannerConfig.cmake
-- Up-to-date symlink: /home/tongjiarui/bi_rrt_ws/install/bi_rrt_planner/share/bi_rrt_planner/cmake/bi_rrt_plannerConfig-version.cmake
-- Up-to-date symlink: /home/tongjiarui/bi_rrt_ws/install/bi_rrt_planner/share/bi_rrt_planner/package.xml
