[0.018s] Invoking command in '/home/tongjiarui/bi_rrt_ws/build/bi_rrt_planner': CMAKE_PREFIX_PATH=${CMAKE_PREFIX_PATH}:/opt/ros/jazzy DEBUGINFOD_URLS=https://debuginfod.ubuntu.com /usr/bin/cmake --build /home/tongjiarui/bi_rrt_ws/build/bi_rrt_planner -- -j4 -l4
[0.040s] -- Found ament_cmake: 2.5.4 (/opt/ros/jazzy/share/ament_cmake/cmake)
[0.196s] -- Override CMake install command with custom implementation using symlinks instead of copying resources
[0.199s] -- Found rclcpp: 28.1.10 (/opt/ros/jazzy/share/rclcpp/cmake)
[0.226s] -- Found rosidl_generator_c: 4.6.5 (/opt/ros/jazzy/share/rosidl_generator_c/cmake)
[0.231s] -- Found rosidl_generator_cpp: 4.6.5 (/opt/ros/jazzy/share/rosidl_generator_cpp/cmake)
[0.238s] -- Using all available rosidl_typesupport_c: rosidl_typesupport_fastrtps_c;rosidl_typesupport_introspection_c
[0.247s] -- Using all available rosidl_typesupport_cpp: rosidl_typesupport_fastrtps_cpp;rosidl_typesupport_introspection_cpp
[0.287s] -- Found rmw_implementation_cmake: 7.3.2 (/opt/ros/jazzy/share/rmw_implementation_cmake/cmake)
[0.288s] -- Found rmw_fastrtps_cpp: 8.4.2 (/opt/ros/jazzy/share/rmw_fastrtps_cpp/cmake)
[0.342s] -- Using RMW implementation 'rmw_fastrtps_cpp' as default
[0.384s] -- Found geometry_msgs: 5.3.6 (/opt/ros/jazzy/share/geometry_msgs/cmake)
[0.401s] -- Found nav_msgs: 5.3.6 (/opt/ros/jazzy/share/nav_msgs/cmake)
[0.425s] -- Found visualization_msgs: 5.3.6 (/opt/ros/jazzy/share/visualization_msgs/cmake)
[0.524s] -- Configuring done (0.5s)
[0.540s] -- Generating done (0.0s)
[0.543s] -- Build files have been written to: /home/tongjiarui/bi_rrt_ws/build/bi_rrt_planner
[0.587s] [ 50%] [32mBuilding CXX object CMakeFiles/bi_rrt_planner_node.dir/src/bi_rrt_planner_node.cpp.o[0m
[2.583s] In file included from [01m[K/opt/ros/jazzy/include/rclcpp/rclcpp/logging.hpp:24[m[K,
[2.589s]                  from [01m[K/opt/ros/jazzy/include/rclcpp/rclcpp/copy_all_parameter_values.hpp:27[m[K,
[2.589s]                  from [01m[K/opt/ros/jazzy/include/rclcpp/rclcpp/rclcpp.hpp:171[m[K,
[2.589s]                  from [01m[K/home/tongjiarui/bi_rrt_ws/src/bi_rrt_planner/src/bi_rrt_planner_node.cpp:1[m[K:
[2.589s] [01m[K/home/tongjiarui/bi_rrt_ws/src/bi_rrt_planner/src/bi_rrt_planner_node.cpp:[m[K In member function ‘[01m[Kvoid BiRRTPlanner::[01;32m[KplanPath[m[K()[m[K’:
[2.589s] [01m[K/home/tongjiarui/bi_rrt_ws/src/bi_rrt_planner/src/bi_rrt_planner_node.cpp:180:43:[m[K [01;35m[Kwarning: [m[Kformat ‘[01m[K%d[m[K’ expects argument of type ‘[01m[Kint[m[K’, but argument 5 has type ‘[01m[Kstd::size_t[m[K’ {aka ‘[01m[Klong unsigned int[m[K’} [[01;35m[K]8;;https://gcc.gnu.org/onlinedocs/gcc/Warning-Options.html#index-Wformat=-Wformat=]8;;[m[K]
[2.589s]   180 |                 RCLCPP_INFO(get_logger(), [01;35m[K"Found path with %d states"[m[K, [32m[Kpath->getStateCount()[m[K);
[2.589s]       |                                           [01;35m[K^~~~~~~~~~~~~~~~~~~~~~~~~~~[m[K  [32m[K~~~~~~~~~~~~~~~~~~~~~[m[K
[2.589s]       |                                                                                           [32m[K|[m[K
[2.589s]       |                                                                                           [32m[Kstd::size_t {aka long unsigned int}[m[K
[2.589s] [01m[K/home/tongjiarui/bi_rrt_ws/src/bi_rrt_planner/src/bi_rrt_planner_node.cpp:180:61:[m[K [01;36m[Knote: [m[Kformat string is defined here
[2.589s]   180 |                 RCLCPP_INFO(get_logger(), "Found path with [01;36m[K%d[m[K states", path->getStateCount());
[2.589s]       |                                                            [01;36m[K~^[m[K
[2.589s]       |                                                             [01;36m[K|[m[K
[2.589s]       |                                                             [01;36m[Kint[m[K
[2.589s]       |                                                            [32m[K%ld[m[K
[8.668s] [100%] [32m[1mLinking CXX executable bi_rrt_planner_node[0m
[9.099s] [100%] Built target bi_rrt_planner_node
[9.115s] Invoked command in '/home/tongjiarui/bi_rrt_ws/build/bi_rrt_planner' returned '0': CMAKE_PREFIX_PATH=${CMAKE_PREFIX_PATH}:/opt/ros/jazzy DEBUGINFOD_URLS=https://debuginfod.ubuntu.com /usr/bin/cmake --build /home/tongjiarui/bi_rrt_ws/build/bi_rrt_planner -- -j4 -l4
[9.126s] Invoking command in '/home/tongjiarui/bi_rrt_ws/build/bi_rrt_planner': CMAKE_PREFIX_PATH=${CMAKE_PREFIX_PATH}:/opt/ros/jazzy DEBUGINFOD_URLS=https://debuginfod.ubuntu.com /usr/bin/cmake --install /home/tongjiarui/bi_rrt_ws/build/bi_rrt_planner
[9.132s] -- Install configuration: ""
[9.132s] -- Execute custom install script
[9.133s] -- Up-to-date symlink: /home/tongjiarui/bi_rrt_ws/install/bi_rrt_planner/lib/bi_rrt_planner/bi_rrt_planner_node
[9.133s] -- Up-to-date symlink: /home/tongjiarui/bi_rrt_ws/install/bi_rrt_planner/share/ament_index/resource_index/package_run_dependencies/bi_rrt_planner
[9.136s] -- Up-to-date symlink: /home/tongjiarui/bi_rrt_ws/install/bi_rrt_planner/share/ament_index/resource_index/parent_prefix_path/bi_rrt_planner
[9.136s] -- Up-to-date symlink: /home/tongjiarui/bi_rrt_ws/install/bi_rrt_planner/share/bi_rrt_planner/environment/ament_prefix_path.sh
[9.136s] -- Up-to-date symlink: /home/tongjiarui/bi_rrt_ws/install/bi_rrt_planner/share/bi_rrt_planner/environment/ament_prefix_path.dsv
[9.136s] -- Up-to-date symlink: /home/tongjiarui/bi_rrt_ws/install/bi_rrt_planner/share/bi_rrt_planner/environment/path.sh
[9.136s] -- Up-to-date symlink: /home/tongjiarui/bi_rrt_ws/install/bi_rrt_planner/share/bi_rrt_planner/environment/path.dsv
[9.136s] -- Up-to-date symlink: /home/tongjiarui/bi_rrt_ws/install/bi_rrt_planner/share/bi_rrt_planner/local_setup.bash
[9.136s] -- Up-to-date symlink: /home/tongjiarui/bi_rrt_ws/install/bi_rrt_planner/share/bi_rrt_planner/local_setup.sh
[9.136s] -- Up-to-date symlink: /home/tongjiarui/bi_rrt_ws/install/bi_rrt_planner/share/bi_rrt_planner/local_setup.zsh
[9.136s] -- Up-to-date symlink: /home/tongjiarui/bi_rrt_ws/install/bi_rrt_planner/share/bi_rrt_planner/local_setup.dsv
[9.136s] -- Symlinking: /home/tongjiarui/bi_rrt_ws/install/bi_rrt_planner/share/bi_rrt_planner/package.dsv
[9.143s] -- Up-to-date symlink: /home/tongjiarui/bi_rrt_ws/install/bi_rrt_planner/share/ament_index/resource_index/packages/bi_rrt_planner
[9.143s] -- Up-to-date symlink: /home/tongjiarui/bi_rrt_ws/install/bi_rrt_planner/share/bi_rrt_planner/cmake/bi_rrt_plannerConfig.cmake
[9.143s] -- Up-to-date symlink: /home/tongjiarui/bi_rrt_ws/install/bi_rrt_planner/share/bi_rrt_planner/cmake/bi_rrt_plannerConfig-version.cmake
[9.144s] -- Up-to-date symlink: /home/tongjiarui/bi_rrt_ws/install/bi_rrt_planner/share/bi_rrt_planner/package.xml
[9.145s] Invoked command in '/home/tongjiarui/bi_rrt_ws/build/bi_rrt_planner' returned '0': CMAKE_PREFIX_PATH=${CMAKE_PREFIX_PATH}:/opt/ros/jazzy DEBUGINFOD_URLS=https://debuginfod.ubuntu.com /usr/bin/cmake --install /home/tongjiarui/bi_rrt_ws/build/bi_rrt_planner
